<?xml version="1.0" encoding="UTF-8" ?>
<testsuite tests="11" failures="1" name="TestSuite" time="195.505" errors="0" skipped="2">
  <properties>
[...]
</properties>
  <testcase classname="com.allpay.qa.testcases.DepartmentsTest" name="setUp" time="51.409">
    <failure message="timeout
  (Session info: chrome=70.0.3538.102)
  (Driver info: chromedriver=2.42.591088 (7b2b2dca23cca0862f674758c9a3933e685c27d5),platform=Windows NT 6.1.7601 SP1 x86_64) (WARNING: The server did not provide any stacktrace information)
Command duration or timeout: 0 milliseconds
Build info: version: &apos;3.13.0&apos;, revision: &apos;2f0d292&apos;, time: &apos;2018-06-25T15:24:21.231Z&apos;
System info: host: &apos;WINDOWS7-PC&apos;, ip: &apos;192.168.43.176&apos;, os.name: &apos;Windows 7&apos;, os.arch: &apos;x86&apos;, os.version: &apos;6.1&apos;, java.version: &apos;1.8.0_05&apos;
Driver info: org.openqa.selenium.chrome.ChromeDriver
Capabilities {acceptInsecureCerts: false, acceptSslCerts: false, applicationCacheEnabled: false, browserConnectionEnabled: false, browserName: chrome, chrome: {chromedriverVersion: 2.42.591088 (7b2b2dca23cca0..., userDataDir: C:\Users\WINDOW~1\AppData\L...}, cssSelectorsEnabled: true, databaseEnabled: false, goog:chromeOptions: {debuggerAddress: localhost:55148}, handlesAlerts: true, hasTouchScreen: false, javascriptEnabled: true, locationContextEnabled: true, mobileEmulationEnabled: false, nativeEvents: true, networkConnectionEnabled: false, pageLoadStrategy: normal, platform: XP, platformName: XP, rotatable: false, setWindowRect: true, takesHeapSnapshot: true, takesScreenshot: true, unexpectedAlertBehaviour: , unhandledPromptBehavior: , version: 70.0.3538.102, webStorageEnabled: true}
Session ID: 63e9c545072f530135de30174c8b6041" type="org.openqa.selenium.TimeoutException">org.openqa.selenium.TimeoutException: timeout
  (Session info: chrome=70.0.3538.102)
  (Driver info: chromedriver=2.42.591088 (7b2b2dca23cca0862f674758c9a3933e685c27d5),platform=Windows NT 6.1.7601 SP1 x86_64) (WARNING: The server did not provide any stacktrace information)
Command duration or timeout: 0 milliseconds
Build info: version: &apos;3.13.0&apos;, revision: &apos;2f0d292&apos;, time: &apos;2018-06-25T15:24:21.231Z&apos;
System info: host: &apos;WINDOWS7-PC&apos;, ip: &apos;192.168.43.176&apos;, os.name: &apos;Windows 7&apos;, os.arch: &apos;x86&apos;, os.version: &apos;6.1&apos;, java.version: &apos;1.8.0_05&apos;
Driver info: org.openqa.selenium.chrome.ChromeDriver
Capabilities {acceptInsecureCerts: false, acceptSslCerts: false, applicationCacheEnabled: false, browserConnectionEnabled: false, browserName: chrome, chrome: {chromedriverVersion: 2.42.591088 (7b2b2dca23cca0..., userDataDir: C:\Users\WINDOW~1\AppData\L...}, cssSelectorsEnabled: true, databaseEnabled: false, goog:chromeOptions: {debuggerAddress: localhost:55148}, handlesAlerts: true, hasTouchScreen: false, javascriptEnabled: true, locationContextEnabled: true, mobileEmulationEnabled: false, nativeEvents: true, networkConnectionEnabled: false, pageLoadStrategy: normal, platform: XP, platformName: XP, rotatable: false, setWindowRect: true, takesHeapSnapshot: true, takesScreenshot: true, unexpectedAlertBehaviour: , unhandledPromptBehavior: , version: 70.0.3538.102, webStorageEnabled: true}
Session ID: 63e9c545072f530135de30174c8b6041
	at sun.reflect.NativeConstructorAccessorImpl.newInstance0(Native Method)
	at sun.reflect.NativeConstructorAccessorImpl.newInstance(NativeConstructorAccessorImpl.java:62)
	at sun.reflect.DelegatingConstructorAccessorImpl.newInstance(DelegatingConstructorAccessorImpl.java:45)
	at java.lang.reflect.Constructor.newInstance(Constructor.java:408)
	at org.openqa.selenium.remote.ErrorHandler.createThrowable(ErrorHandler.java:214)
	at org.openqa.selenium.remote.ErrorHandler.throwIfResponseFailed(ErrorHandler.java:166)
	at org.openqa.selenium.remote.http.JsonHttpResponseCodec.reconstructValue(JsonHttpResponseCodec.java:40)
	at org.openqa.selenium.remote.http.AbstractHttpResponseCodec.decode(AbstractHttpResponseCodec.java:80)
	at org.openqa.selenium.remote.http.AbstractHttpResponseCodec.decode(AbstractHttpResponseCodec.java:44)
	at org.openqa.selenium.remote.HttpCommandExecutor.execute(HttpCommandExecutor.java:158)
	at org.openqa.selenium.remote.service.DriverCommandExecutor.execute(DriverCommandExecutor.java:83)
	at org.openqa.selenium.remote.RemoteWebDriver.execute(RemoteWebDriver.java:548)
	at org.openqa.selenium.remote.RemoteWebElement.execute(RemoteWebElement.java:276)
	at org.openqa.selenium.remote.RemoteWebElement.click(RemoteWebElement.java:83)
	at sun.reflect.NativeMethodAccessorImpl.invoke0(Native Method)
	at sun.reflect.NativeMethodAccessorImpl.invoke(NativeMethodAccessorImpl.java:62)
	at sun.reflect.DelegatingMethodAccessorImpl.invoke(DelegatingMethodAccessorImpl.java:43)
	at java.lang.reflect.Method.invoke(Method.java:483)
	at org.openqa.selenium.support.events.EventFiringWebDriver$EventFiringWebElement.lambda$new$0(EventFiringWebDriver.java:403)
	at org.openqa.selenium.support.events.EventFiringWebDriver$EventFiringWebElement$$Lambda$206/27514015.invoke(Unknown Source)
	at com.sun.proxy.$Proxy11.click(Unknown Source)
	at org.openqa.selenium.support.events.EventFiringWebDriver$EventFiringWebElement.click(EventFiringWebDriver.java:416)
	at sun.reflect.NativeMethodAccessorImpl.invoke0(Native Method)
	at sun.reflect.NativeMethodAccessorImpl.invoke(NativeMethodAccessorImpl.java:62)
	at sun.reflect.DelegatingMethodAccessorImpl.invoke(DelegatingMethodAccessorImpl.java:43)
	at java.lang.reflect.Method.invoke(Method.java:483)
	at org.openqa.selenium.support.pagefactory.internal.LocatingElementHandler.invoke(LocatingElementHandler.java:51)
	at com.sun.proxy.$Proxy10.click(Unknown Source)
	at com.allpay.qa.modules.LoginPage.login(LoginPage.java:51)
	at com.allpay.qa.testcases.DepartmentsTest.setUp(DepartmentsTest.java:27)
</failure>
    <system-out>Configuring TestNG with: org.apache.maven.surefire.testng.conf.TestNG652Configurator@1468bd9
Before navigating to: &apos;https://www.amazon.in/&apos;
Navigated to:&apos;https://www.amazon.in/&apos;
Trying to find Element By : By.xpath: .//*[@id=&apos;nav-link-yourAccount&apos;]
Found Element By : By.xpath: .//*[@id=&apos;nav-link-yourAccount&apos;]
Trying to click on: [[ChromeDriver: chrome on XP (63e9c545072f530135de30174c8b6041)] -&gt; xpath: .//*[@id=&apos;nav-link-yourAccount&apos;]]
Clicked on: [[ChromeDriver: chrome on XP (63e9c545072f530135de30174c8b6041)] -&gt; xpath: .//*[@id=&apos;nav-link-yourAccount&apos;]]
Trying to find Element By : By.xpath: .//input[@type=&apos;email&apos;]
Found Element By : By.xpath: .//input[@type=&apos;email&apos;]
Trying to find Element By : By.xpath: .//input[@type=&apos;submit&apos;]
Found Element By : By.xpath: .//input[@type=&apos;submit&apos;]
Trying to click on: [[ChromeDriver: chrome on XP (63e9c545072f530135de30174c8b6041)] -&gt; xpath: .//input[@type=&apos;submit&apos;]]
Clicked on: [[ChromeDriver: chrome on XP (63e9c545072f530135de30174c8b6041)] -&gt; xpath: .//input[@type=&apos;submit&apos;]]
Trying to find Element By : By.xpath: .//input[@type=&apos;password&apos;]
Found Element By : By.xpath: .//input[@type=&apos;password&apos;]
Trying to find Element By : By.xpath: .//*[@id=&apos;signInSubmit&apos;]
Found Element By : By.xpath: .//*[@id=&apos;signInSubmit&apos;]
Trying to click on: [[ChromeDriver: chrome on XP (63e9c545072f530135de30174c8b6041)] -&gt; xpath: .//*[@id=&apos;signInSubmit&apos;]]
Exception occured: org.openqa.selenium.TimeoutException: timeout
  (Session info: chrome=70.0.3538.102)
  (Driver info: chromedriver=2.42.591088 (7b2b2dca23cca0862f674758c9a3933e685c27d5),platform=Windows NT 6.1.7601 SP1 x86_64) (WARNING: The server did not provide any stacktrace information)
Command duration or timeout: 0 milliseconds
Build info: version: &apos;3.13.0&apos;, revision: &apos;2f0d292&apos;, time: &apos;2018-06-25T15:24:21.231Z&apos;
System info: host: &apos;WINDOWS7-PC&apos;, ip: &apos;192.168.43.176&apos;, os.name: &apos;Windows 7&apos;, os.arch: &apos;x86&apos;, os.version: &apos;6.1&apos;, java.version: &apos;1.8.0_05&apos;
Driver info: org.openqa.selenium.chrome.ChromeDriver
Capabilities {acceptInsecureCerts: false, acceptSslCerts: false, applicationCacheEnabled: false, browserConnectionEnabled: false, browserName: chrome, chrome: {chromedriverVersion: 2.42.591088 (7b2b2dca23cca0..., userDataDir: C:\Users\WINDOW~1\AppData\L...}, cssSelectorsEnabled: true, databaseEnabled: false, goog:chromeOptions: {debuggerAddress: localhost:55148}, handlesAlerts: true, hasTouchScreen: false, javascriptEnabled: true, locationContextEnabled: true, mobileEmulationEnabled: false, nativeEvents: true, networkConnectionEnabled: false, pageLoadStrategy: normal, platform: XP, platformName: XP, rotatable: false, setWindowRect: true, takesHeapSnapshot: true, takesScreenshot: true, unexpectedAlertBehaviour: , unhandledPromptBehavior: , version: 70.0.3538.102, webStorageEnabled: true}
Session ID: 63e9c545072f530135de30174c8b6041
</system-out>
    <system-err>Starting ChromeDriver 2.42.591088 (7b2b2dca23cca0862f674758c9a3933e685c27d5) on port 45614
Only local connections are allowed.
Dec 06, 2018 9:42:15 AM org.openqa.selenium.remote.ProtocolHandshake createSession
INFO: Detected dialect: OSS
[1544069582.399][SEVERE]: Timed out receiving message from renderer: 30.000
[1544069582.411][SEVERE]: Timed out receiving message from renderer: -0.012
</system-err>
  </testcase>
  <testcase classname="com.allpay.qa.testcases.DepartmentsTest" name="validateTitle" time="51.412">
    <skipped/>
  </testcase>
  <testcase classname="com.allpay.qa.testcases.DepartmentsTest" name="tearDown" time="51.412">
    <skipped/>
  </testcase>
  <testcase classname="com.allpay.qa.testcases.HomePageTest" name="ValidateUserAccount" time="1.506"/>
  <testcase classname="com.allpay.qa.testcases.LoginPageTest" name="loginPageTitle" time="0.048"/>
  <testcase classname="com.allpay.qa.testcases.NewUserTest" name="regPage" time="8.286"/>
  <testcase classname="com.allpay.qa.testcases.NewUserTest" name="regPage" time="8.709"/>
  <testcase classname="com.allpay.qa.testcases.HomePageTest" name="verifyUserName" time="0.778"/>
  <testcase classname="com.allpay.qa.testcases.LoginPageTest" name="logoTest" time="2.08"/>
  <testcase classname="com.allpay.qa.testcases.NewUserTest" name="regPageTitle" time="4.166"/>
  <testcase classname="com.allpay.qa.testcases.LoginPageTest" name="loginTst" time="15.699"/>
</testsuite>