<?xml version="1.0" encoding="UTF-8"?>
<!-- Generated by org.testng.reporters.JUnitXMLReporter -->
<testsuite hostname="Windows7-PC" ignored="0" name="AllPay Test Cases" tests="5" failures="0" timestamp="23 Nov 2018 14:29:21 GMT" time="113.377" errors="0">
  <testcase name="loginPageTitle" time="1.224" classname="com.allpay.qa.testcases.LoginPageTest"/>
  <testcase name="ValidateUserAccount" time="0.045" classname="com.allpay.qa.testcases.HomePageTest"/>
  <testcase name="logoTest" time="1.401" classname="com.allpay.qa.testcases.LoginPageTest"/>
  <testcase name="verifyUserName" time="0.78" classname="com.allpay.qa.testcases.HomePageTest"/>
  <testcase name="loginTst" time="12.611" classname="com.allpay.qa.testcases.LoginPageTest"/>
</testsuite> <!-- AllPay Test Cases -->
